d:\coding\c++\rpggame\rpg\rpg\x64\release\vc142.pdb
d:\coding\c++\rpggame\rpg\rpg\x64\release\combattext.obj
d:\coding\c++\rpggame\rpg\rpg\x64\release\club.obj
d:\coding\c++\rpggame\rpg\rpg\x64\release\campcommandcentre.obj
d:\coding\c++\rpggame\rpg\rpg\x64\release\berrybush.obj
d:\coding\c++\rpggame\rpg\rpg\x64\release\buildingtile.obj
d:\coding\c++\rpggame\rpg\rpg\x64\release\buildingfactory.obj
d:\coding\c++\rpggame\rpg\rpg\x64\release\building.obj
d:\coding\c++\rpggame\rpg\rpg\x64\release\whiterat.obj
d:\coding\c++\rpggame\rpg\rpg\x64\release\unitspawner.obj
d:\coding\c++\rpggame\rpg\rpg\x64\release\skeletonking.obj
d:\coding\c++\rpggame\rpg\rpg\x64\release\skeleton.obj
d:\coding\c++\rpggame\rpg\rpg\x64\release\rpgtown.obj
d:\coding\c++\rpggame\rpg\rpg\x64\release\basicmeleeattack.obj
d:\coding\c++\rpggame\rpg\rpg\x64\release\barehands.obj
d:\coding\c++\rpggame\rpg\rpg\x64\release\attackingstate.obj
d:\coding\c++\rpggame\rpg\rpg\x64\release\attack.obj
d:\coding\c++\rpggame\rpg\rpg\x64\release\armour.obj
d:\coding\c++\rpggame\rpg\rpg\x64\release\animation.obj
d:\coding\c++\rpggame\rpg\rpg\x64\release\animatedsprite.obj
d:\coding\c++\rpggame\rpg\rpg\x64\release\aiunit.obj
d:\coding\c++\rpggame\rpg\rpg\x64\release\item.obj
d:\coding\c++\rpggame\rpg\rpg\x64\release\inventorymenu.obj
d:\coding\c++\rpggame\rpg\rpg\x64\release\inputprompt.obj
d:\coding\c++\rpggame\rpg\rpg\x64\release\inputmessage.obj
d:\coding\c++\rpggame\rpg\rpg\x64\release\idlestate.obj
d:\coding\c++\rpggame\rpg\rpg\x64\release\hovertooltip.obj
d:\coding\c++\rpggame\rpg\rpg\x64\release\healingpad.obj
d:\coding\c++\rpggame\rpg\rpg\x64\release\graph.obj
d:\coding\c++\rpggame\rpg\rpg\x64\release\gamescene.obj
d:\coding\c++\rpggame\rpg\rpg\x64\release\gamemenu.obj
d:\coding\c++\rpggame\rpg\rpg\x64\release\basegameengine.obj
d:\coding\c++\rpggame\rpg\rpg\x64\release\game.obj
d:\coding\c++\rpggame\rpg\rpg\x64\release\fruittree.obj
d:\coding\c++\rpggame\rpg\rpg\x64\release\foodeffect.obj
d:\coding\c++\rpggame\rpg\rpg\x64\release\food.obj
d:\coding\c++\rpggame\rpg\rpg\x64\release\equippedmenu.obj
d:\coding\c++\rpggame\rpg\rpg\x64\release\equipment.obj
d:\coding\c++\rpggame\rpg\rpg\x64\release\doodadfactory.obj
d:\coding\c++\rpggame\rpg\rpg\x64\release\doodad.obj
d:\coding\c++\rpggame\rpg\rpg\x64\release\controllerinterface.obj
d:\coding\c++\rpggame\rpg\rpg\x64\release\movingstate.obj
d:\coding\c++\rpggame\rpg\rpg\x64\release\menutext.obj
d:\coding\c++\rpggame\rpg\rpg\x64\release\menubutton.obj
d:\coding\c++\rpggame\rpg\rpg\x64\release\maptile.obj
d:\coding\c++\rpggame\rpg\rpg\x64\release\mapbuildertilebutton.obj
d:\coding\c++\rpggame\rpg\rpg\x64\release\mapbuilderportalbutton.obj
d:\coding\c++\rpggame\rpg\rpg\x64\release\mainmenuscene.obj
d:\coding\c++\rpggame\rpg\rpg\x64\release\mainmenu.obj
d:\coding\c++\rpggame\rpg\rpg\x64\release\mace.obj
d:\coding\c++\rpggame\rpg\rpg\x64\release\longsword.obj
d:\coding\c++\rpggame\rpg\rpg\x64\release\loadzonemenu.obj
d:\coding\c++\rpggame\rpg\rpg\x64\release\linenpants.obj
d:\coding\c++\rpggame\rpg\rpg\x64\release\linenhat.obj
d:\coding\c++\rpggame\rpg\rpg\x64\release\linengloves.obj
d:\coding\c++\rpggame\rpg\rpg\x64\release\linenboots.obj
d:\coding\c++\rpggame\rpg\rpg\x64\release\linenbody.obj
d:\coding\c++\rpggame\rpg\rpg\x64\release\itemshop.obj
d:\coding\c++\rpggame\rpg\rpg\x64\release\itemsellmenu.obj
d:\coding\c++\rpggame\rpg\rpg\x64\release\itemfactory.obj
d:\coding\c++\rpggame\rpg\rpg\x64\release\itembuymenu.obj
d:\coding\c++\rpggame\rpg\rpg\x64\release\savemapbuilderbutton.obj
d:\coding\c++\rpggame\rpg\rpg\x64\release\saveattribute.obj
d:\coding\c++\rpggame\rpg\rpg\x64\release\rpgworldbuilderscene.obj
d:\coding\c++\rpggame\rpg\rpg\x64\release\rpgunit.obj
d:\coding\c++\rpggame\rpg\rpg\x64\release\rpgtilegridscene.obj
d:\coding\c++\rpggame\rpg\rpg\x64\release\rpgoverworldscene.obj
d:\coding\c++\rpggame\rpg\rpg\x64\release\rpgkeysmousecontroller.obj
d:\coding\c++\rpggame\rpg\rpg\x64\release\ratking.obj
d:\coding\c++\rpggame\rpg\rpg\x64\release\rat.obj
d:\coding\c++\rpggame\rpg\rpg\x64\release\ragpants.obj
d:\coding\c++\rpggame\rpg\rpg\x64\release\raghat.obj
d:\coding\c++\rpggame\rpg\rpg\x64\release\raggloves.obj
d:\coding\c++\rpggame\rpg\rpg\x64\release\ragboots.obj
d:\coding\c++\rpggame\rpg\rpg\x64\release\ragbody.obj
d:\coding\c++\rpggame\rpg\rpg\x64\release\prompt.obj
d:\coding\c++\rpggame\rpg\rpg\x64\release\portalpropertiesokbutton.obj
d:\coding\c++\rpggame\rpg\rpg\x64\release\portalpropertiesmenu.obj
d:\coding\c++\rpggame\rpg\rpg\x64\release\player.obj
d:\coding\c++\rpggame\rpg\rpg\x64\release\pagedpanel.obj
d:\coding\c++\rpggame\rpg\rpg\x64\release\overworldscenemenu.obj
d:\coding\c++\rpggame\rpg\rpg\x64\release\weapon.obj
d:\coding\c++\rpggame\rpg\rpg\x64\release\unittempeffect.obj
d:\coding\c++\rpggame\rpg\rpg\x64\release\unitstate.obj
d:\coding\c++\rpggame\rpg\rpg\x64\release\unit.obj
d:\coding\c++\rpggame\rpg\rpg\x64\release\uielement.obj
d:\coding\c++\rpggame\rpg\rpg\x64\release\tree.obj
d:\coding\c++\rpggame\rpg\rpg\x64\release\townsperson.obj
d:\coding\c++\rpggame\rpg\rpg\x64\release\townbuildmenu.obj
d:\coding\c++\rpggame\rpg\rpg\x64\release\towncommand.obj
d:\coding\c++\rpggame\rpg\rpg\x64\release\tilegridscene.obj
d:\coding\c++\rpggame\rpg\rpg\x64\release\texture.obj
d:\coding\c++\rpggame\rpg\rpg\x64\release\textbox.obj
d:\coding\c++\rpggame\rpg\rpg\x64\release\sprite.obj
d:\coding\c++\rpggame\rpg\rpg\x64\release\soldier.obj
d:\coding\c++\rpggame\rpg\rpg\x64\release\shortsword.obj
d:\coding\c++\rpggame\rpg\rpg\x64\release\selectprompt.obj
d:\coding\c++\rpggame\rpg\rpg\x64\release\scrollbox.obj
d:\coding\c++\rpggame\rpg\rpg\x64\release\savezonemenu.obj
d:\coding\c++\rpggame\rpg\rpg\x64\release\savefile.obj
d:\coding\c++\rpggame\rpg\rpg\x64\release\saveobject.obj
d:\coding\c++\rpggame\rpg\rpg\x64\release\zoneportal.obj
d:\coding\c++\rpggame\rpg\rpg\x64\release\zonemap.obj
d:\coding\c++\rpggame\rpg\rpg\x64\release\zonebuildermenu.obj
d:\coding\c++\rpggame\rpg\x64\release\rpg.exe
d:\coding\c++\rpggame\rpg\rpg\x64\release\rpg.ipdb
d:\coding\c++\rpggame\rpg\rpg\x64\release\rpg.iobj
d:\coding\c++\rpggame\rpg\x64\release\rpg.pdb
d:\coding\c++\rpggame\rpg\rpg\x64\release\rpg.res
d:\coding\c++\rpggame\rpg\rpg\x64\release\rpg.tlog\cl.command.1.tlog
d:\coding\c++\rpggame\rpg\rpg\x64\release\rpg.tlog\cl.read.1.tlog
d:\coding\c++\rpggame\rpg\rpg\x64\release\rpg.tlog\cl.write.1.tlog
d:\coding\c++\rpggame\rpg\rpg\x64\release\rpg.tlog\link.command.1.tlog
d:\coding\c++\rpggame\rpg\rpg\x64\release\rpg.tlog\link.read.1.tlog
d:\coding\c++\rpggame\rpg\rpg\x64\release\rpg.tlog\link.write.1.tlog
d:\coding\c++\rpggame\rpg\rpg\x64\release\rpg.tlog\rc.command.1.tlog
d:\coding\c++\rpggame\rpg\rpg\x64\release\rpg.tlog\rc.read.1.tlog
d:\coding\c++\rpggame\rpg\rpg\x64\release\rpg.tlog\rc.write.1.tlog
