  RpgOverWorldScene.cpp
C:\coding\c++\rpgGame\RPG\RPG\Graph.h(36,1): warning C4267: 'initializing': conversion from 'size_t' to 'int', possible loss of data
C:\coding\c++\rpgGame\RPG\RPG\ItemFactory.h(17,10): warning C4067: unexpected tokens following preprocessor directive - expected a newline
C:\coding\c++\rpgGame\RPG\RPG\RpgOverWorldScene.cpp(35,44): warning C4244: 'return': conversion from 'double' to 'int', possible loss of data
C:\coding\c++\rpgGame\RPG\RPG\RpgOverWorldScene.cpp(103,144): warning C4244: 'argument': conversion from 'double' to 'int', possible loss of data
C:\coding\c++\rpgGame\RPG\RPG\RpgOverWorldScene.cpp(103,113): warning C4244: 'argument': conversion from 'double' to 'int', possible loss of data
C:\coding\c++\rpgGame\RPG\RPG\RpgOverWorldScene.cpp(104,136): warning C4244: 'argument': conversion from 'double' to 'int', possible loss of data
C:\coding\c++\rpgGame\RPG\RPG\RpgOverWorldScene.cpp(104,105): warning C4244: 'argument': conversion from 'double' to 'int', possible loss of data
C:\coding\c++\rpgGame\RPG\RPG\RpgOverWorldScene.cpp(105,192): warning C4244: 'argument': conversion from 'double' to 'int', possible loss of data
C:\coding\c++\rpgGame\RPG\RPG\RpgOverWorldScene.cpp(105,141): warning C4244: 'argument': conversion from 'double' to 'int', possible loss of data
C:\coding\c++\rpgGame\RPG\RPG\RpgOverWorldScene.cpp(105,117): warning C4244: 'argument': conversion from 'double' to 'int', possible loss of data
C:\coding\c++\rpgGame\RPG\RPG\RpgOverWorldScene.cpp(105,88): warning C4244: 'argument': conversion from 'double' to 'int', possible loss of data
C:\coding\c++\rpgGame\RPG\RPG\RpgOverWorldScene.cpp(106,190): warning C4244: 'argument': conversion from 'double' to 'int', possible loss of data
C:\coding\c++\rpgGame\RPG\RPG\RpgOverWorldScene.cpp(106,139): warning C4244: 'argument': conversion from 'double' to 'int', possible loss of data
C:\coding\c++\rpgGame\RPG\RPG\RpgOverWorldScene.cpp(106,115): warning C4244: 'argument': conversion from 'double' to 'int', possible loss of data
C:\coding\c++\rpgGame\RPG\RPG\RpgOverWorldScene.cpp(106,86): warning C4244: 'argument': conversion from 'double' to 'int', possible loss of data
C:\coding\c++\rpgGame\RPG\RPG\RpgOverWorldScene.cpp(108,189): warning C4244: 'argument': conversion from 'double' to 'int', possible loss of data
C:\coding\c++\rpgGame\RPG\RPG\RpgOverWorldScene.cpp(108,138): warning C4244: 'argument': conversion from 'double' to 'int', possible loss of data
C:\coding\c++\rpgGame\RPG\RPG\RpgOverWorldScene.cpp(108,114): warning C4244: 'argument': conversion from 'double' to 'int', possible loss of data
C:\coding\c++\rpgGame\RPG\RPG\RpgOverWorldScene.cpp(108,86): warning C4244: 'argument': conversion from 'double' to 'int', possible loss of data
C:\coding\c++\rpgGame\RPG\RPG\RpgOverWorldScene.cpp(135,81): warning C4267: 'initializing': conversion from 'size_t' to 'int', possible loss of data
C:\coding\c++\rpgGame\RPG\RPG\RpgOverWorldScene.cpp(136,84): warning C4267: 'initializing': conversion from 'size_t' to 'int', possible loss of data
C:\coding\c++\rpgGame\RPG\RPG\RpgOverWorldScene.cpp(295,87): warning C4267: 'argument': conversion from 'size_t' to 'int', possible loss of data
C:\coding\c++\rpgGame\RPG\RPG\RpgOverWorldScene.cpp(296,90): warning C4267: 'argument': conversion from 'size_t' to 'int', possible loss of data
C:\coding\c++\rpgGame\RPG\RPG\RpgOverWorldScene.cpp(319,87): warning C4267: 'argument': conversion from 'size_t' to 'int', possible loss of data
C:\coding\c++\rpgGame\RPG\RPG\RpgOverWorldScene.cpp(320,90): warning C4267: 'argument': conversion from 'size_t' to 'int', possible loss of data
C:\coding\c++\rpgGame\RPG\RPG\RpgOverWorldScene.cpp(338,87): warning C4267: 'argument': conversion from 'size_t' to 'int', possible loss of data
C:\coding\c++\rpgGame\RPG\RPG\RpgOverWorldScene.cpp(339,90): warning C4267: 'argument': conversion from 'size_t' to 'int', possible loss of data
C:\coding\c++\rpgGame\RPG\RPG\RpgOverWorldScene.cpp(383,69): warning C4267: 'initializing': conversion from 'size_t' to 'int', possible loss of data
C:\coding\c++\rpgGame\RPG\RPG\RpgOverWorldScene.cpp(384,72): warning C4267: 'initializing': conversion from 'size_t' to 'int', possible loss of data
C:\coding\c++\rpgGame\RPG\RPG\RpgOverWorldScene.cpp(413,122): warning C4244: 'argument': conversion from 'double' to 'int', possible loss of data
C:\coding\c++\rpgGame\RPG\RPG\RpgOverWorldScene.cpp(413,93): warning C4244: 'argument': conversion from 'double' to 'int', possible loss of data
C:\coding\c++\rpgGame\RPG\RPG\RpgOverWorldScene.cpp(414,128): warning C4244: 'argument': conversion from 'double' to 'int', possible loss of data
C:\coding\c++\rpgGame\RPG\RPG\RpgOverWorldScene.cpp(414,99): warning C4244: 'argument': conversion from 'double' to 'int', possible loss of data
C:\coding\c++\rpgGame\RPG\RPG\RpgOverWorldScene.cpp(414,70): warning C4244: 'argument': conversion from 'double' to 'int', possible loss of data
C:\coding\c++\rpgGame\RPG\RPG\RpgOverWorldScene.cpp(414,41): warning C4244: 'argument': conversion from 'double' to 'int', possible loss of data
C:\coding\c++\rpgGame\RPG\RPG\RpgOverWorldScene.cpp(415,298): warning C4244: 'argument': conversion from 'double' to 'int', possible loss of data
C:\coding\c++\rpgGame\RPG\RPG\RpgOverWorldScene.cpp(415,108): warning C4244: 'argument': conversion from 'double' to 'int', possible loss of data
C:\coding\c++\rpgGame\RPG\RPG\RpgOverWorldScene.cpp(415,70): warning C4244: 'argument': conversion from 'double' to 'int', possible loss of data
C:\coding\c++\rpgGame\RPG\RPG\RpgOverWorldScene.cpp(415,41): warning C4244: 'argument': conversion from 'double' to 'int', possible loss of data
C:\coding\c++\rpgGame\RPG\RPG\RpgOverWorldScene.cpp(416,118): warning C4244: 'argument': conversion from 'double' to 'int', possible loss of data
C:\coding\c++\rpgGame\RPG\RPG\RpgOverWorldScene.cpp(416,89): warning C4244: 'argument': conversion from 'double' to 'int', possible loss of data
C:\coding\c++\rpgGame\RPG\RPG\RpgOverWorldScene.cpp(417,126): warning C4244: 'argument': conversion from 'double' to 'int', possible loss of data
C:\coding\c++\rpgGame\RPG\RPG\RpgOverWorldScene.cpp(417,97): warning C4244: 'argument': conversion from 'double' to 'int', possible loss of data
C:\coding\c++\rpgGame\RPG\RPG\RpgOverWorldScene.cpp(417,70): warning C4244: 'argument': conversion from 'double' to 'int', possible loss of data
C:\coding\c++\rpgGame\RPG\RPG\RpgOverWorldScene.cpp(417,41): warning C4244: 'argument': conversion from 'double' to 'int', possible loss of data
C:\coding\c++\rpgGame\RPG\RPG\RpgOverWorldScene.cpp(418,192): warning C4244: 'argument': conversion from 'double' to 'int', possible loss of data
C:\coding\c++\rpgGame\RPG\RPG\RpgOverWorldScene.cpp(418,106): warning C4244: 'argument': conversion from 'double' to 'int', possible loss of data
C:\coding\c++\rpgGame\RPG\RPG\RpgOverWorldScene.cpp(418,70): warning C4244: 'argument': conversion from 'double' to 'int', possible loss of data
C:\coding\c++\rpgGame\RPG\RPG\RpgOverWorldScene.cpp(418,41): warning C4244: 'argument': conversion from 'double' to 'int', possible loss of data
C:\coding\c++\rpgGame\RPG\RPG\RpgOverWorldScene.cpp(419,114): warning C4244: 'argument': conversion from 'double' to 'int', possible loss of data
C:\coding\c++\rpgGame\RPG\RPG\RpgOverWorldScene.cpp(419,85): warning C4244: 'argument': conversion from 'double' to 'int', possible loss of data
C:\coding\c++\rpgGame\RPG\RPG\RpgOverWorldScene.cpp(420,127): warning C4244: 'argument': conversion from 'double' to 'int', possible loss of data
C:\coding\c++\rpgGame\RPG\RPG\RpgOverWorldScene.cpp(420,98): warning C4244: 'argument': conversion from 'double' to 'int', possible loss of data
C:\coding\c++\rpgGame\RPG\RPG\RpgOverWorldScene.cpp(420,70): warning C4244: 'argument': conversion from 'double' to 'int', possible loss of data
C:\coding\c++\rpgGame\RPG\RPG\RpgOverWorldScene.cpp(420,41): warning C4244: 'argument': conversion from 'double' to 'int', possible loss of data
C:\coding\c++\rpgGame\RPG\RPG\RpgOverWorldScene.cpp(421,188): warning C4244: 'argument': conversion from 'double' to 'int', possible loss of data
C:\coding\c++\rpgGame\RPG\RPG\RpgOverWorldScene.cpp(421,107): warning C4244: 'argument': conversion from 'double' to 'int', possible loss of data
C:\coding\c++\rpgGame\RPG\RPG\RpgOverWorldScene.cpp(421,70): warning C4244: 'argument': conversion from 'double' to 'int', possible loss of data
C:\coding\c++\rpgGame\RPG\RPG\RpgOverWorldScene.cpp(421,41): warning C4244: 'argument': conversion from 'double' to 'int', possible loss of data
C:\coding\c++\rpgGame\RPG\RPG\RpgOverWorldScene.cpp(422,114): warning C4244: 'argument': conversion from 'double' to 'int', possible loss of data
C:\coding\c++\rpgGame\RPG\RPG\RpgOverWorldScene.cpp(422,85): warning C4244: 'argument': conversion from 'double' to 'int', possible loss of data
C:\coding\c++\rpgGame\RPG\RPG\RpgOverWorldScene.cpp(426,136): warning C4244: 'argument': conversion from 'double' to 'int', possible loss of data
C:\coding\c++\rpgGame\RPG\RPG\RpgOverWorldScene.cpp(426,81): warning C4244: 'argument': conversion from 'double' to 'int', possible loss of data
C:\coding\c++\rpgGame\RPG\RPG\RpgOverWorldScene.cpp(427,193): warning C4244: 'argument': conversion from 'double' to 'int', possible loss of data
C:\coding\c++\rpgGame\RPG\RPG\RpgOverWorldScene.cpp(427,154): warning C4244: 'argument': conversion from 'double' to 'int', possible loss of data
C:\coding\c++\rpgGame\RPG\RPG\RpgOverWorldScene.cpp(427,126): warning C4244: 'argument': conversion from 'double' to 'int', possible loss of data
C:\coding\c++\rpgGame\RPG\RPG\RpgOverWorldScene.cpp(427,75): warning C4244: 'argument': conversion from 'double' to 'int', possible loss of data
C:\coding\c++\rpgGame\RPG\RPG\RpgOverWorldScene.cpp(433,15): warning C4244: 'argument': conversion from 'time_t' to 'unsigned int', possible loss of data
  RPG.vcxproj -> C:\coding\c++\rpgGame\RPG\x64\Debug\RPG.exe
