c:\coding\c++\rpggame\rpg\rpg\x64\debug\vc142.pdb
c:\coding\c++\rpggame\rpg\rpg\x64\debug\vc142.idb
c:\coding\c++\rpggame\rpg\rpg\x64\debug\gamemenu.obj
c:\coding\c++\rpggame\rpg\rpg\x64\debug\basegameengine.obj
c:\coding\c++\rpggame\rpg\rpg\x64\debug\game.obj
c:\coding\c++\rpggame\rpg\rpg\x64\debug\equippedmenu.obj
c:\coding\c++\rpggame\rpg\rpg\x64\debug\equipment.obj
c:\coding\c++\rpggame\rpg\rpg\x64\debug\doodad.obj
c:\coding\c++\rpggame\rpg\rpg\x64\debug\controllerinterface.obj
c:\coding\c++\rpggame\rpg\rpg\x64\debug\combattext.obj
c:\coding\c++\rpggame\rpg\rpg\x64\debug\club.obj
c:\coding\c++\rpggame\rpg\rpg\x64\debug\buildingtile.obj
c:\coding\c++\rpggame\rpg\rpg\x64\debug\building.obj
c:\coding\c++\rpggame\rpg\rpg\x64\debug\bluerat.obj
c:\coding\c++\rpggame\rpg\rpg\x64\debug\basicmeleeattack.obj
c:\coding\c++\rpggame\rpg\rpg\x64\debug\barehands.obj
c:\coding\c++\rpggame\rpg\rpg\x64\debug\attackingstate.obj
c:\coding\c++\rpggame\rpg\rpg\x64\debug\attack.obj
c:\coding\c++\rpggame\rpg\rpg\x64\debug\armour.obj
c:\coding\c++\rpggame\rpg\rpg\x64\debug\animation.obj
c:\coding\c++\rpggame\rpg\rpg\x64\debug\animatedsprite.obj
c:\coding\c++\rpggame\rpg\rpg\x64\debug\aiunit.obj
c:\coding\c++\rpggame\rpg\rpg\x64\debug\mainmenu.obj
c:\coding\c++\rpggame\rpg\rpg\x64\debug\mace.obj
c:\coding\c++\rpggame\rpg\rpg\x64\debug\longsword.obj
c:\coding\c++\rpggame\rpg\rpg\x64\debug\loadzonemenu.obj
c:\coding\c++\rpggame\rpg\rpg\x64\debug\linenpants.obj
c:\coding\c++\rpggame\rpg\rpg\x64\debug\linenhat.obj
c:\coding\c++\rpggame\rpg\rpg\x64\debug\linengloves.obj
c:\coding\c++\rpggame\rpg\rpg\x64\debug\linenboots.obj
c:\coding\c++\rpggame\rpg\rpg\x64\debug\linenbody.obj
c:\coding\c++\rpggame\rpg\rpg\x64\debug\itemshop.obj
c:\coding\c++\rpggame\rpg\rpg\x64\debug\itemsellmenu.obj
c:\coding\c++\rpggame\rpg\rpg\x64\debug\itemfactory.obj
c:\coding\c++\rpggame\rpg\rpg\x64\debug\itembuymenu.obj
c:\coding\c++\rpggame\rpg\rpg\x64\debug\item.obj
c:\coding\c++\rpggame\rpg\rpg\x64\debug\inventorymenu.obj
c:\coding\c++\rpggame\rpg\rpg\x64\debug\inputmessage.obj
c:\coding\c++\rpggame\rpg\rpg\x64\debug\idlestate.obj
c:\coding\c++\rpggame\rpg\rpg\x64\debug\healingpad.obj
c:\coding\c++\rpggame\rpg\rpg\x64\debug\graph.obj
c:\coding\c++\rpggame\rpg\rpg\x64\debug\gamescene.obj
c:\coding\c++\rpggame\rpg\rpg\x64\debug\ratking.obj
c:\coding\c++\rpggame\rpg\rpg\x64\debug\rat.obj
c:\coding\c++\rpggame\rpg\rpg\x64\debug\ragpants.obj
c:\coding\c++\rpggame\rpg\rpg\x64\debug\raghat.obj
c:\coding\c++\rpggame\rpg\rpg\x64\debug\raggloves.obj
c:\coding\c++\rpggame\rpg\rpg\x64\debug\ragboots.obj
c:\coding\c++\rpggame\rpg\rpg\x64\debug\ragbody.obj
c:\coding\c++\rpggame\rpg\rpg\x64\debug\prompt.obj
c:\coding\c++\rpggame\rpg\rpg\x64\debug\portalpropertiesokbutton.obj
c:\coding\c++\rpggame\rpg\rpg\x64\debug\portalpropertiesmenu.obj
c:\coding\c++\rpggame\rpg\rpg\x64\debug\player.obj
c:\coding\c++\rpggame\rpg\rpg\x64\debug\pagedpanel.obj
c:\coding\c++\rpggame\rpg\rpg\x64\debug\overworldscenemenu.obj
c:\coding\c++\rpggame\rpg\rpg\x64\debug\movingstate.obj
c:\coding\c++\rpggame\rpg\rpg\x64\debug\menutext.obj
c:\coding\c++\rpggame\rpg\rpg\x64\debug\menubutton.obj
c:\coding\c++\rpggame\rpg\rpg\x64\debug\maptile.obj
c:\coding\c++\rpggame\rpg\rpg\x64\debug\mapbuildertilebutton.obj
c:\coding\c++\rpggame\rpg\rpg\x64\debug\mapbuilderportalbutton.obj
c:\coding\c++\rpggame\rpg\rpg\x64\debug\mainmenuscene.obj
c:\coding\c++\rpggame\rpg\rpg\x64\debug\unitstate.obj
c:\coding\c++\rpggame\rpg\rpg\x64\debug\unit.obj
c:\coding\c++\rpggame\rpg\rpg\x64\debug\uielement.obj
c:\coding\c++\rpggame\rpg\rpg\x64\debug\townsperson.obj
c:\coding\c++\rpggame\rpg\rpg\x64\debug\tilegridscene.obj
c:\coding\c++\rpggame\rpg\rpg\x64\debug\texture.obj
c:\coding\c++\rpggame\rpg\rpg\x64\debug\textbox.obj
c:\coding\c++\rpggame\rpg\rpg\x64\debug\sprite.obj
c:\coding\c++\rpggame\rpg\rpg\x64\debug\soldier.obj
c:\coding\c++\rpggame\rpg\rpg\x64\debug\shortsword.obj
c:\coding\c++\rpggame\rpg\rpg\x64\debug\selectprompt.obj
c:\coding\c++\rpggame\rpg\rpg\x64\debug\scrollbox.obj
c:\coding\c++\rpggame\rpg\rpg\x64\debug\savezonemenu.obj
c:\coding\c++\rpggame\rpg\rpg\x64\debug\savefile.obj
c:\coding\c++\rpggame\rpg\rpg\x64\debug\saveobject.obj
c:\coding\c++\rpggame\rpg\rpg\x64\debug\savemapbuilderbutton.obj
c:\coding\c++\rpggame\rpg\rpg\x64\debug\saveattribute.obj
c:\coding\c++\rpggame\rpg\rpg\x64\debug\rpgworldbuilderscene.obj
c:\coding\c++\rpggame\rpg\rpg\x64\debug\rpgoverworldscene.obj
c:\coding\c++\rpggame\rpg\rpg\x64\debug\rpgkeysmousecontroller.obj
c:\coding\c++\rpggame\rpg\rpg\x64\debug\zoneportal.obj
c:\coding\c++\rpggame\rpg\rpg\x64\debug\zonemap.obj
c:\coding\c++\rpggame\rpg\rpg\x64\debug\zonebuildermenu.obj
c:\coding\c++\rpggame\rpg\rpg\x64\debug\weapon.obj
c:\coding\c++\rpggame\rpg\rpg\x64\debug\buildingfactory.obj
c:\coding\c++\rpggame\rpg\rpg\x64\debug\rpgunit.obj
c:\coding\c++\rpggame\rpg\rpg\x64\debug\rpgtilegridscene.obj
c:\coding\c++\rpggame\rpg\rpg\x64\debug\campcommandcentre.obj
c:\coding\c++\rpggame\rpg\rpg\x64\debug\townbuildmenu.obj
c:\coding\c++\rpggame\rpg\rpg\x64\debug\towncommand.obj
c:\coding\c++\rpggame\rpg\rpg\x64\debug\doodadfactory.obj
c:\coding\c++\rpggame\rpg\rpg\x64\debug\tree.obj
c:\coding\c++\rpggame\rpg\rpg\x64\debug\inputprompt.obj
c:\coding\c++\rpggame\rpg\rpg\x64\debug\food.obj
c:\coding\c++\rpggame\rpg\rpg\x64\debug\fruittree.obj
c:\coding\c++\rpggame\rpg\rpg\x64\debug\foodeffect.obj
c:\coding\c++\rpggame\rpg\rpg\x64\debug\unittempeffect.obj
c:\coding\c++\rpggame\rpg\rpg\x64\debug\berrybush.obj
c:\coding\c++\rpggame\rpg\rpg\x64\debug\hovertooltip.obj
c:\coding\c++\rpggame\rpg\x64\debug\rpg.exe
c:\coding\c++\rpggame\rpg\rpg\x64\debug\rpg.ilk
c:\coding\c++\rpggame\rpg\x64\debug\rpg.pdb
c:\coding\c++\rpggame\rpg\rpg\x64\debug\rpg.res
c:\coding\c++\rpggame\rpg\rpg\x64\debug\hovertooltip.obj.enc
c:\coding\c++\rpggame\rpg\rpg\x64\debug\rpg.tlog\cl.command.1.tlog
c:\coding\c++\rpggame\rpg\rpg\x64\debug\rpg.tlog\cl.read.1.tlog
c:\coding\c++\rpggame\rpg\rpg\x64\debug\rpg.tlog\cl.write.1.tlog
c:\coding\c++\rpggame\rpg\rpg\x64\debug\rpg.tlog\link.command.1.tlog
c:\coding\c++\rpggame\rpg\rpg\x64\debug\rpg.tlog\link.read.1.tlog
c:\coding\c++\rpggame\rpg\rpg\x64\debug\rpg.tlog\link.write.1.tlog
c:\coding\c++\rpggame\rpg\rpg\x64\debug\rpg.tlog\rc.command.1.tlog
c:\coding\c++\rpggame\rpg\rpg\x64\debug\rpg.tlog\rc.read.1.tlog
c:\coding\c++\rpggame\rpg\rpg\x64\debug\rpg.tlog\rc.write.1.tlog
